<?xml version="1.0" encoding="UTF-8"?>
<!-- Generated by org.testng.reporters.JUnitReportReporter -->
<testsuite hostname="Sudha" failures="0" tests="3" name="com.Runner.TestRunner" time="14.362" errors="0" timestamp="2024-11-04T01:44:49 EST" skipped="0">
  <testcase classname="com.Runner.TestRunner" name="runScenario" time="5.233"/>
  <testcase classname="com.Runner.TestRunner" name="runScenario" time="4.662"/>
  <testcase classname="com.Runner.TestRunner" name="runScenario" time="4.467"/>
</testsuite> <!-- com.Runner.TestRunner -->
